2023/03/20 23:14:09 前端数据：{1622284619@qq.com  5911}
2023/03/20 23:15:10 前端数据：{1622284619@qq.com  1106}
2023/03/22 21:29:47 UserLogin api:{wyy@qq.com 123456 }
2023/03/22 21:30:03 ShowMemo api:email=wyy@qq.com memoID2
2023/03/22 21:30:10 ShowMemo api:email=wyy@qq.com memoID1
2023/03/22 21:31:26 ListMemo api:email=wyy@qq.com
2023/03/22 21:32:05 CreateMemo api:email=wyy@qq.com memo={first pink }
2023/03/22 21:32:14 ListMemo api:email=wyy@qq.com
2023/03/22 21:32:22 ShowMemo api:email=wyy@qq.com memoID14
2023/03/22 21:47:47 UserLogin api:{ciel2@qq.com 123456 }
2023/03/22 21:47:53 UserLogin api:{ciel2@qq.com 12345 }
2023/03/22 21:47:57 UserLogin api:{ciel2@qq.com 123 }
2023/03/22 21:48:00 UserLogin api:{ciel2@qq.com 1234 }
2023/03/22 21:48:08 UserLogin api:{wyy@qq.com 123456 }
2023/03/22 21:49:15 UserLogin api:{wyy@qq.com 123456 }
2023/03/22 21:49:42 UserLogin api:{1622284619@qq.com 123456 }
2023/03/22 21:49:47 UserLogin api:{1622284619@qq.com 123 }
2023/03/22 21:49:52 UserLogin api:{1622284619@qq.com 123 }
2023/03/22 21:50:07 ListMemo api:email=1622284619@qq.com
2023/03/22 21:50:23 CreateMemo api:email=1622284619@qq.com memo={first pink }
2023/03/22 21:50:29 CreateMemo api:email=1622284619@qq.com memo={second pink }
2023/03/22 21:50:34 CreateMemo api:email=1622284619@qq.com memo={third pink }
2023/03/22 21:51:31 RandMemo api:email=1622284619@qq.com
2023/03/22 21:51:37 RandMemo api:email=1622284619@qq.com
2023/03/22 21:51:40 RandMemo api:email=1622284619@qq.com
2023/03/22 21:58:35 ListMemo api:email=1622284619@qq.com
2023/03/22 21:59:32 ShowMemo api:email=wyy@qq.com memoID15
2023/03/22 21:59:40 ShowMemo api:email=1622284619@qq.com memoID15
2023/03/22 22:12:02 CreateMemo api:email=1622284619@qq.com memo={third pink 2000-12-24}
2023/03/22 22:12:19 ListMemo api:email=1622284619@qq.com
2023/03/22 22:12:29 ShowMemo api:email=1622284619@qq.com memoID18
2023/03/22 22:13:20 ShowMemo api:email=1622284619@qq.com memoID17
2023/03/22 22:13:25 ShowMemo api:email=1622284619@qq.com memoID18
2023/03/22 22:18:15 ShowMemo api:email=1622284619@qq.com memoID18
2023/03/22 22:18:38 CreateMemo api:email=1622284619@qq.com memo={ww pink 2000-12-24}
2023/03/22 22:18:46 ListMemo api:email=1622284619@qq.com
2023/03/22 22:18:51 ShowMemo api:email=1622284619@qq.com memoID19
2023/03/22 22:22:44 CreateMemo api:email=1622284619@qq.com memo={www pink 2000-12-24}
2023/03/22 22:22:54 ShowMemo api:email=1622284619@qq.com memoID20
2023/03/22 23:00:16 UserLogin api:{1622284619@qq.com 123 }
2023/03/22 23:00:35 ListMemo api:email=1622284619@qq.com
2023/03/24 15:14:33 DeleteUserInfo api:{{0 0001-01-01 00:00:00 +0000 UTC 0001-01-01 00:00:00 +0000 UTC <nil>}      <nil> }
2023/03/24 15:15:31 UserRegister api:{1@qq.com 123456 }
2023/03/24 15:15:48 DeleteUserInfo api:{{0 0001-01-01 00:00:00 +0000 UTC 0001-01-01 00:00:00 +0000 UTC <nil>}      <nil> }
2023/03/24 15:28:41 UserLogin api:{1@qq.com 123456 }
2023/03/24 15:29:00 DeleteUserInfo api:{{0 0001-01-01 00:00:00 +0000 UTC 0001-01-01 00:00:00 +0000 UTC <nil>}      <nil> }
2023/03/24 15:32:20 DeleteUserInfo api:{{0 0001-01-01 00:00:00 +0000 UTC 0001-01-01 00:00:00 +0000 UTC <nil>}      <nil> }
2023/03/24 15:32:29 DeleteUserInfo api:{{0 0001-01-01 00:00:00 +0000 UTC 0001-01-01 00:00:00 +0000 UTC <nil>}      <nil> }
2023/03/24 15:36:22 DeleteUserInfo api:{{0 0001-01-01 00:00:00 +0000 UTC 0001-01-01 00:00:00 +0000 UTC <nil>}      <nil> }
2023/03/24 15:51:39 DeleteUserInfo api:{{0 0001-01-01 00:00:00 +0000 UTC 0001-01-01 00:00:00 +0000 UTC <nil>}      <nil> }
2023/03/25 19:03:38 UserRegister api:{1622284619@qq.com 123456 }
2023/03/25 19:04:09 UserRegister api:{1@qq.com 123456 }
2023/03/25 19:04:25 UserLogin api:{1@qq.com 123456 }
2023/03/25 19:04:42 DeleteUserInfo api:{{0 0001-01-01 00:00:00 +0000 UTC 0001-01-01 00:00:00 +0000 UTC <nil>}      <nil> }
2023/03/25 19:05:05 DeleteUserInfo api:{{0 0001-01-01 00:00:00 +0000 UTC 0001-01-01 00:00:00 +0000 UTC <nil>}      <nil> }
2023/03/25 23:38:13 UserLogin api:{1@qq.com 123456 }
2023/03/25 23:43:01 search api:{{0 0001-01-01 00:00:00 +0000 UTC 0001-01-01 00:00:00 +0000 UTC <nil>}      <nil> }
2023/03/26 00:24:54 UserRegister api:{123@qq.com 123456 }
2023/03/26 00:28:14 SetInfo api:{{0 0001-01-01 00:00:00 +0000 UTC 0001-01-01 00:00:00 +0000 UTC <nil>}      <nil> }
2023/03/26 10:37:04 UserLogin api:{1@qq.com 123456 }
2023/03/26 10:44:38 UserLogin api:{1@qq.com 123456 }
2023/03/26 10:45:26 DeleteUserInfo api:{{0 0001-01-01 00:00:00 +0000 UTC 0001-01-01 00:00:00 +0000 UTC <nil>} 1@qq.com     <nil> }
2023/03/26 10:47:18 SetInfo api:{{0 0001-01-01 00:00:00 +0000 UTC 0001-01-01 00:00:00 +0000 UTC <nil>} 1@qq.com w    <nil> }
2023/03/26 10:47:18 record not found
2023/03/26 10:49:17 SetInfo api:{{0 0001-01-01 00:00:00 +0000 UTC 0001-01-01 00:00:00 +0000 UTC <nil>} 1@qq.com w    <nil> }
2023/03/26 10:49:17 record not found
2023/03/26 10:53:03 SetInfo api:{{2 0001-01-01 00:00:00 +0000 UTC 0001-01-01 00:00:00 +0000 UTC <nil>} 1@qq.com w    <nil> }
2023/03/26 10:53:27 SetInfo api:{{2 0001-01-01 00:00:00 +0000 UTC 0001-01-01 00:00:00 +0000 UTC <nil>} 1@qq.com w    <nil> }
2023/03/26 10:53:49 SetInfo api:{{2 0001-01-01 00:00:00 +0000 UTC 0001-01-01 00:00:00 +0000 UTC <nil>} 0@qq.com w    <nil> }
2023/03/26 10:54:11 SetInfo api:{{2 0001-01-01 00:00:00 +0000 UTC 0001-01-01 00:00:00 +0000 UTC <nil>} 0@qq.com w dsfhjsd   <nil> }
2023/03/26 10:54:33 SetInfo api:{{2 0001-01-01 00:00:00 +0000 UTC 0001-01-01 00:00:00 +0000 UTC <nil>} 0@qq.com w dsfhjsd  nv <nil> }
2023/03/26 10:55:08 SetInfo api:{{2 0001-01-01 00:00:00 +0000 UTC 0001-01-01 00:00:00 +0000 UTC <nil>} 0@qq.com w dsfhjsd  nv <nil> }
2023/03/26 10:55:12 SetInfo api:{{0 0001-01-01 00:00:00 +0000 UTC 0001-01-01 00:00:00 +0000 UTC <nil>} 0@qq.com w dsfhjsd  nv <nil> }
2023/03/26 10:55:15 SetInfo api:{{2 0001-01-01 00:00:00 +0000 UTC 0001-01-01 00:00:00 +0000 UTC <nil>} 0@qq.com w dsfhjsd  nv <nil> }
2023/03/26 10:56:05 SetInfo api:{{2 0001-01-01 00:00:00 +0000 UTC 0001-01-01 00:00:00 +0000 UTC <nil>} 1@qq.com w dsfhjsd  nv <nil> }
2023/03/26 11:07:35 SetInfo api:{{0 0001-01-01 00:00:00 +0000 UTC 0001-01-01 00:00:00 +0000 UTC <nil>} 1@qq.com w dsfhjsd  nv <nil> }
2023/03/26 11:07:40 SetInfo api:{{0 0001-01-01 00:00:00 +0000 UTC 0001-01-01 00:00:00 +0000 UTC <nil>} 1@qq.com wwwww dsfhjsd  nv <nil> }
2023/03/26 11:09:37 UserLogin api:{123@qq.com 123456 }
2023/03/26 11:09:48 DeleteUserInfo api:{{0 0001-01-01 00:00:00 +0000 UTC 0001-01-01 00:00:00 +0000 UTC <nil>}      <nil> }
2023/03/26 11:14:35 DeleteUserInfo api:3
2023/03/26 11:16:25 UserLogin api:{123@qq.com 123456 }
2023/03/26 11:56:24 Search api:{1@qq.com wwwww }
2023/03/26 11:56:46 Search api:{ wwwww }
2023/03/26 11:56:51 Search api:{1@qq.com  }
2023/03/26 11:58:36 Search api:{123@qq.com  }
2023/03/26 12:02:04 Search api:{123@qq.com  }
2023/03/26 12:02:08 Search api:{ wwwww }
2023/03/26 12:02:18 Search api:{1@qq.com  }
2023/03/26 12:02:27 Search api:{ wwwww 2}
2023/03/26 12:02:42 Search api:{123@qq.com  }
2023/03/26 12:02:48 Search api:{1622284619@qq.com  }
2023/03/26 12:03:03 Search api:{123@qq.com  }
2023/03/26 12:03:32 Search api:{1@qq.com  }
2023/03/26 12:04:29 Search api:{1@qq.com  }
2023/03/26 12:04:33 Search api:{123@qq.com  }
2023/03/26 12:04:39 Search api:{ wwwww }
2023/03/26 12:04:51 Search api:{1622284619@qq.com wwwww }
2023/03/26 12:05:29 UserRegister api:{2@qq.com 123456 }
2023/03/26 12:05:44 SetInfo api:{{0 0001-01-01 00:00:00 +0000 UTC 0001-01-01 00:00:00 +0000 UTC <nil>} 2@qq.com  dsfhjsd  nv <nil> }
2023/03/26 12:05:53 Search api:{2@qq.com  }
